2025-Mar-18 08:57:38.833021 [tid:0x1f916b080] Plain wallet initialized: Zano v2.1.0.382[571897a], log location: /var/mobile/Containers/Data/Application/3AC9FC3C-C878-4F51-8B9F-1CEB83E1A19D/Documents/logs/plain_wallet.log
2025-Mar-18 08:57:38.835121 [tid:0x1f916b080] Initing...
2025-Mar-18 08:57:38.835133 [tid:0x1f916b080] Detecting APPDIR... 
2025-Mar-18 08:57:38.835223 [tid:0x1f916b080] [INIT PLAIN_WALLET_INSTANCE] Ver:2.1.0.382[571897a](Release)
2025-Mar-18 08:57:38.835533 [tid:0x16e99b000] [BACKEND_M][INVOKE_JSON_URL] --->N8currency20COMMAND_RPC_GET_INFO7requestE
2025-Mar-18 08:57:39.720278 [tid:0x16e99b000] [BACKEND_M][INVOKE_JSON_URL] <---N8currency20COMMAND_RPC_GET_INFO7requestE
2025-Mar-18 08:57:49.725420 [tid:0x16e99b000] [BACKEND_M][INVOKE_JSON_URL] --->N8currency20COMMAND_RPC_GET_INFO7requestE
2025-Mar-18 08:57:50.129593 [tid:0x16e99b000] [BACKEND_M][INVOKE_JSON_URL] <---N8currency20COMMAND_RPC_GET_INFO7requestE
2025-Mar-18 08:58:00.134860 [tid:0x16e99b000] [BACKEND_M][INVOKE_JSON_URL] --->N8currency20COMMAND_RPC_GET_INFO7requestE
2025-Mar-18 08:58:00.517046 [tid:0x16e99b000] [BACKEND_M][INVOKE_JSON_URL] <---N8currency20COMMAND_RPC_GET_INFO7requestE
2025-Mar-18 08:58:10.609177 [tid:0x16e99b000] [BACKEND_M][INVOKE_JSON_URL] --->N8currency20COMMAND_RPC_GET_INFO7requestE
2025-Mar-18 08:58:11.045982 [tid:0x16e99b000] [BACKEND_M][INVOKE_JSON_URL] <---N8currency20COMMAND_RPC_GET_INFO7requestE
2025-Mar-18 08:58:21.145425 [tid:0x16e99b000] [BACKEND_M][INVOKE_JSON_URL] --->N8currency20COMMAND_RPC_GET_INFO7requestE
2025-Mar-18 08:58:21.729361 [tid:0x16e99b000] [BACKEND_M][INVOKE_JSON_URL] <---N8currency20COMMAND_RPC_GET_INFO7requestE
2025-Mar-21 06:48:31.692455 [tid:0x1ef62f140] Plain wallet initialized: Zano v2.1.1.392[ccfc032], log location: /var/mobile/Containers/Data/Application/F4246E49-52D1-4B2C-A339-BF465738D373/Documents/logs/plain_wallet.log
2025-Mar-21 06:48:31.693152 [tid:0x1ef62f140] Initing...
2025-Mar-21 06:48:31.693161 [tid:0x1ef62f140] Detecting APPDIR... 
2025-Mar-21 06:48:31.693416 [tid:0x1ef62f140] [INIT PLAIN_WALLET_INSTANCE] Ver:2.1.1.392[ccfc032](Release)
Working dir: /var/mobile/Containers/Data/Application/F4246E49-52D1-4B2C-A339-BF465738D373/Documents
URL: https://zano.api.wombat.systems,  port: 443
2025-Mar-21 06:49:51.259953 [tid:0x16e57b000] [BACKEND_M]Failed to call get_info
2025-Mar-23 11:12:49.721549 [tid:0x205f9b140] Plain wallet initialized: Zano v2.1.1.392[ccfc032], log location: /var/mobile/Containers/Data/Application/F4246E49-52D1-4B2C-A339-BF465738D373/Documents/logs/plain_wallet.log
2025-Mar-23 11:12:49.723094 [tid:0x205f9b140] Initing...
2025-Mar-23 11:12:49.723108 [tid:0x205f9b140] Detecting APPDIR... 
2025-Mar-23 11:12:49.723741 [tid:0x205f9b140] [INIT PLAIN_WALLET_INSTANCE] Ver:2.1.1.392[ccfc032](Release)
Working dir: /var/mobile/Containers/Data/Application/F4246E49-52D1-4B2C-A339-BF465738D373/Documents
URL: https://zano.api.wombat.systems,  port: 443
2025-Mar-23 11:47:24.487673 [tid:0x170517000] [BACKEND_M][ERROR] Location: 
[invoke] @ /Users/roky/projects/Zano/mobile_repo/mobile/zano_native_lib/zano/contrib/epee/include/net/http_client.h:360
STACK
1   zano_ios                            0x000000010abf2a64 _ZN4epee9net_utils4http20http_simple_client_tILb1EE6invokeERKNSt3__112basic_stringIcNS4_11char_traitsIcEENS4_9allocatorIcEEEESC_SC_PPKNS1_18http_response_infoERKNS4_4listINS4_4pairISA_SA_EENS8_ISJ_EEEE + 3060
2   zano_ios                            0x000000010ac34cfc _ZN4epee9net_utils4http14invoke_requestINS1_21http_universal_clientEEEbRKNS1_11url_contentERT_jPPKNS1_18http_response_infoERKNSt3__112basic_stringIcNSD_11char_traitsIcEENSD_9allocatorIcEEEESL_RKNSD_4listINSD_4pairISJ_SJ_EENSH_ISO_EEEE + 336
3   zano_ios                            0x000000010ac2556c _ZN4epee9net_utils4http14invoke_requestINS1_21http_universal_clientEEEbRKNSt3__112basic_stringIcNS4_11char_traitsIcEENS4_9allocatorIcEEEERT_jPPKNS1_18http_response_infoESC_SC_RKNS4_4listINS4_4pairISA_SA_EENS8_ISL_EEEE + 268
4   zano_ios                            0x000000010ac651b4 _ZN4epee9net_utils32invoke_http_json_remote_command2IKN8currency20COMMAND_RPC_GET_INFO7requestENS3_8responseENS0_4http21http_universal_clientEEEbRKNSt3__112basic_stringIcNS9_11char_traitsIcEENS9_9allocatorIcEEEERT_RT0_RT1_jSH_ + 228
5   zano_ios                            0x000000010ac64cd4 _ZZN5tools23default_http_core_proxy53invoke_http_json_remote_command2_update_is_disconnectIN8currency20COMMAND_RPC_GET_INFO7requestENS3_8responseEEEbRKNSt3__112basic_stringIcNS6_11char_traitsIcEENS6_9allocatorIcEEEERKT_RT0_ENKUlvE_clEv + 884
6   zano_ios                            0x000000010ac6487c _ZN5tools23default_http_core_proxy12call_requestIZNS0_53invoke_http_json_remote_command2_update_is_disconnectIN8currency20COMMAND_RPC_GET_INFO7requestENS4_8responseEEEbRKNSt3__112basic_stringIcNS7_11char_traitsIcEENS7_9allocatorIcEEEERKT_RT0_EUlvE_EEbSG_ + 172
7   zano_ios                            0x000000010abcbe2c _ZN5tools23default_http_core_proxy25call_COMMAND_RPC_GET_INFOERKN8currency20COMMAND_RPC_GET_INFO7requestERNS2_8responseE + 68
8   zano_ios                            0x000000010af80e00 _ZN15wallets_manager17update_state_infoEv + 392
9   zano_ios                            0x000000010af80acc _ZN15wallets_manager4loopEv + 144
10  zano_ios                            0x000000010af7fc38 _ZN15wallets_manager11main_workerERKN5boost15program_options13variables_mapE + 148
11  zano_ios                            0x000000010afab098 _ZNSt3__114__thread_proxyB8ne180100INS_5tupleIJNS_10unique_ptrINS_15__thread_structENS_14default_deleteIS3_EEEEZN15wallets_manager5startEvE3$_0EEEEEPvSA_ + 52
12  libsystem_pthread.dylib             0x0000000224917afc _pthread_start + 136
13  libsystem_pthread.dylib             0x0000000224917a04 thread_start + 8
 Message:
HTTP_CLIENT: Failed to SEND
2025-Mar-23 11:47:24.631785 [tid:0x170517000] [BACKEND_M]Failed to call get_info
2025-Mar-27 21:17:40.435623 [tid:0x1f1c7b240] Plain wallet initialized: Zano v2.1.1.392[ccfc032], log location: /var/mobile/Containers/Data/Application/F4246E49-52D1-4B2C-A339-BF465738D373/Documents/logs/plain_wallet.log
2025-Mar-27 21:17:40.436781 [tid:0x1f1c7b240] Initing...
2025-Mar-27 21:17:40.436802 [tid:0x1f1c7b240] Detecting APPDIR... 
2025-Mar-27 21:17:40.437201 [tid:0x1f1c7b240] [INIT PLAIN_WALLET_INSTANCE] Ver:2.1.1.392[ccfc032](Release)
Working dir: /var/mobile/Containers/Data/Application/F4246E49-52D1-4B2C-A339-BF465738D373/Documents
URL: https://zano.api.wombat.systems,  port: 443
2025-Mar-28 08:42:39.062830 [tid:0x1f1c7b240] Plain wallet initialized: Zano v2.1.1.392[ccfc032], log location: /var/mobile/Containers/Data/Application/F4246E49-52D1-4B2C-A339-BF465738D373/Documents/logs/plain_wallet.log
2025-Mar-28 08:42:39.063913 [tid:0x1f1c7b240] Initing...
2025-Mar-28 08:42:39.063929 [tid:0x1f1c7b240] Detecting APPDIR... 
2025-Mar-28 08:42:39.064173 [tid:0x1f1c7b240] [INIT PLAIN_WALLET_INSTANCE] Ver:2.1.1.392[ccfc032](Release)
Working dir: /var/mobile/Containers/Data/Application/F4246E49-52D1-4B2C-A339-BF465738D373/Documents
URL: https://zano.api.wombat.systems,  port: 443
2025-Mar-29 01:11:38.004323 [tid:0x1f269b240] Plain wallet initialized: Zano v2.1.1.392[ccfc032], log location: /var/mobile/Containers/Data/Application/F4246E49-52D1-4B2C-A339-BF465738D373/Documents/logs/plain_wallet.log
2025-Mar-29 01:11:38.004922 [tid:0x1f269b240] Initing...
2025-Mar-29 01:11:38.004932 [tid:0x1f269b240] Detecting APPDIR... 
2025-Mar-29 01:11:38.005170 [tid:0x1f269b240] [INIT PLAIN_WALLET_INSTANCE] Ver:2.1.1.392[ccfc032](Release)
Working dir: /var/mobile/Containers/Data/Application/F4246E49-52D1-4B2C-A339-BF465738D373/Documents
URL: https://zano.api.wombat.systems,  port: 443
2025-Mar-30 14:34:57.865842 [tid:0x1fc8c3240] Plain wallet initialized: Zano v2.1.1.392[ccfc032], log location: /var/mobile/Containers/Data/Application/F4246E49-52D1-4B2C-A339-BF465738D373/Documents/logs/plain_wallet.log
2025-Mar-30 14:34:57.866989 [tid:0x1fc8c3240] Initing...
2025-Mar-30 14:34:57.866998 [tid:0x1fc8c3240] Detecting APPDIR... 
2025-Mar-30 14:34:57.867404 [tid:0x1fc8c3240] [INIT PLAIN_WALLET_INSTANCE] Ver:2.1.1.392[ccfc032](Release)
Working dir: /var/mobile/Containers/Data/Application/F4246E49-52D1-4B2C-A339-BF465738D373/Documents
URL: https://zano.api.wombat.systems,  port: 443
2025-Mar-30 15:58:55.311225 [tid:0x170a67000] [BACKEND_M][ERROR] Location: 
[invoke] @ /Users/roky/projects/Zano/mobile_repo/mobile/zano_native_lib/zano/contrib/epee/include/net/http_client.h:360
STACK
1   zano_ios                            0x000000010a656a64 _ZN4epee9net_utils4http20http_simple_client_tILb1EE6invokeERKNSt3__112basic_stringIcNS4_11char_traitsIcEENS4_9allocatorIcEEEESC_SC_PPKNS1_18http_response_infoERKNS4_4listINS4_4pairISA_SA_EENS8_ISJ_EEEE + 3060
2   zano_ios                            0x000000010a698cfc _ZN4epee9net_utils4http14invoke_requestINS1_21http_universal_clientEEEbRKNS1_11url_contentERT_jPPKNS1_18http_response_infoERKNSt3__112basic_stringIcNSD_11char_traitsIcEENSD_9allocatorIcEEEESL_RKNSD_4listINSD_4pairISJ_SJ_EENSH_ISO_EEEE + 336
3   zano_ios                            0x000000010a68956c _ZN4epee9net_utils4http14invoke_requestINS1_21http_universal_clientEEEbRKNSt3__112basic_stringIcNS4_11char_traitsIcEENS4_9allocatorIcEEEERT_jPPKNS1_18http_response_infoESC_SC_RKNS4_4listINS4_4pairISA_SA_EENS8_ISL_EEEE + 268
4   zano_ios                            0x000000010a6c91b4 _ZN4epee9net_utils32invoke_http_json_remote_command2IKN8currency20COMMAND_RPC_GET_INFO7requestENS3_8responseENS0_4http21http_universal_clientEEEbRKNSt3__112basic_stringIcNS9_11char_traitsIcEENS9_9allocatorIcEEEERT_RT0_RT1_jSH_ + 228
5   zano_ios                            0x000000010a6c8cd4 _ZZN5tools23default_http_core_proxy53invoke_http_json_remote_command2_update_is_disconnectIN8currency20COMMAND_RPC_GET_INFO7requestENS3_8responseEEEbRKNSt3__112basic_stringIcNS6_11char_traitsIcEENS6_9allocatorIcEEEERKT_RT0_ENKUlvE_clEv + 884
6   zano_ios                            0x000000010a6c887c _ZN5tools23default_http_core_proxy12call_requestIZNS0_53invoke_http_json_remote_command2_update_is_disconnectIN8currency20COMMAND_RPC_GET_INFO7requestENS4_8responseEEEbRKNSt3__112basic_stringIcNS7_11char_traitsIcEENS7_9allocatorIcEEEERKT_RT0_EUlvE_EEbSG_ + 172
7   zano_ios                            0x000000010a62fe2c _ZN5tools23default_http_core_proxy25call_COMMAND_RPC_GET_INFOERKN8currency20COMMAND_RPC_GET_INFO7requestERNS2_8responseE + 68
8   zano_ios                            0x000000010a9e4e00 _ZN15wallets_manager17update_state_infoEv + 392
9   zano_ios                            0x000000010a9e4acc _ZN15wallets_manager4loopEv + 144
10  zano_ios                            0x000000010a9e3c38 _ZN15wallets_manager11main_workerERKN5boost15program_options13variables_mapE + 148
11  zano_ios                            0x000000010aa0f098 _ZNSt3__114__thread_proxyB8ne180100INS_5tupleIJNS_10unique_ptrINS_15__thread_structENS_14default_deleteIS3_EEEEZN15wallets_manager5startEvE3$_0EEEEEPvSA_ + 52
12  libsystem_pthread.dylib             0x000000021b316afc _pthread_start + 136
13  libsystem_pthread.dylib             0x000000021b316a04 thread_start + 8
 Message:
HTTP_CLIENT: Failed to SEND
2025-Mar-30 15:58:55.324104 [tid:0x170a67000] [BACKEND_M]Failed to call get_info
2025-Apr-06 06:32:02.105602 [tid:0x1fbda8200] Plain wallet initialized: Zano v2.1.1.392[ccfc032], log location: /var/mobile/Containers/Data/Application/E59B5E47-560B-404C-89AB-1B23CDEEFF48/Documents/logs/plain_wallet.log
2025-Apr-06 06:32:02.106358 [tid:0x1fbda8200] Initing...
2025-Apr-06 06:32:02.106368 [tid:0x1fbda8200] Detecting APPDIR... 
2025-Apr-06 06:32:02.106581 [tid:0x1fbda8200] [INIT PLAIN_WALLET_INSTANCE] Ver:2.1.1.392[ccfc032](Release)
Working dir: /var/mobile/Containers/Data/Application/E59B5E47-560B-404C-89AB-1B23CDEEFF48/Documents
URL: https://zano.api.wombat.systems,  port: 443
2025-Apr-07 11:35:11.014278 [tid:0x1fbda8200] Plain wallet initialized: Zano v2.1.1.392[ccfc032], log location: /var/mobile/Containers/Data/Application/E59B5E47-560B-404C-89AB-1B23CDEEFF48/Documents/logs/plain_wallet.log
2025-Apr-07 11:35:11.015048 [tid:0x1fbda8200] Initing...
2025-Apr-07 11:35:11.015059 [tid:0x1fbda8200] Detecting APPDIR... 
2025-Apr-07 11:35:11.015454 [tid:0x1fbda8200] [INIT PLAIN_WALLET_INSTANCE] Ver:2.1.1.392[ccfc032](Release)
Working dir: /var/mobile/Containers/Data/Application/E59B5E47-560B-404C-89AB-1B23CDEEFF48/Documents
URL: https://zano.api.wombat.systems,  port: 443
2025-Apr-08 22:43:43.060039 [tid:0x200b54200] Plain wallet initialized: Zano v2.1.1.392[ccfc032], log location: /var/mobile/Containers/Data/Application/E59B5E47-560B-404C-89AB-1B23CDEEFF48/Documents/logs/plain_wallet.log
2025-Apr-08 22:43:43.061392 [tid:0x200b54200] Initing...
2025-Apr-08 22:43:43.061452 [tid:0x200b54200] Detecting APPDIR... 
2025-Apr-08 22:43:43.061992 [tid:0x200b54200] [INIT PLAIN_WALLET_INSTANCE] Ver:2.1.1.392[ccfc032](Release)
Working dir: /var/mobile/Containers/Data/Application/E59B5E47-560B-404C-89AB-1B23CDEEFF48/Documents
URL: https://zano.api.wombat.systems,  port: 443
2025-Apr-09 11:04:29.224907 [tid:0x200b54200] Plain wallet initialized: Zano v2.1.1.392[ccfc032], log location: /var/mobile/Containers/Data/Application/E59B5E47-560B-404C-89AB-1B23CDEEFF48/Documents/logs/plain_wallet.log
2025-Apr-09 11:04:29.226086 [tid:0x200b54200] Initing...
2025-Apr-09 11:04:29.226125 [tid:0x200b54200] Detecting APPDIR... 
2025-Apr-09 11:04:29.226517 [tid:0x200b54200] [INIT PLAIN_WALLET_INSTANCE] Ver:2.1.1.392[ccfc032](Release)
Working dir: /var/mobile/Containers/Data/Application/E59B5E47-560B-404C-89AB-1B23CDEEFF48/Documents
URL: https://zano.api.wombat.systems,  port: 443
